{
  "RSpec": {
    "coverage": {
      "/Users/lucasmachado/Documents/rails/MySocialRecipe/app/models/user.rb": [
        1,
        null,
        null,
        1,
        null,
        null
      ],
      "/Users/lucasmachado/Documents/rails/MySocialRecipe/app/models/kind.rb": [
        1,
        1,
        1,
        null
      ],
      "/Users/lucasmachado/Documents/rails/MySocialRecipe/app/models/meal.rb": [
        1,
        1,
        1,
        null
      ],
      "/Users/lucasmachado/Documents/rails/MySocialRecipe/app/models/kitchen.rb": [
        1,
        1,
        1,
        null
      ],
      "/Users/lucasmachado/Documents/rails/MySocialRecipe/app/models/recipe.rb": [
        1,
        1,
        1,
        1,
        1,
        null,
        1,
        null,
        1,
        null,
        null,
        null
      ],
      "/Users/lucasmachado/Documents/rails/MySocialRecipe/app/helpers/admin_helper.rb": [
        1,
        null
      ],
      "/Users/lucasmachado/Documents/rails/MySocialRecipe/app/helpers/application_helper.rb": [
        1,
        null
      ],
      "/Users/lucasmachado/Documents/rails/MySocialRecipe/app/helpers/home_helper.rb": [
        1,
        null
      ],
      "/Users/lucasmachado/Documents/rails/MySocialRecipe/app/helpers/kinds_helper.rb": [
        1,
        null
      ],
      "/Users/lucasmachado/Documents/rails/MySocialRecipe/app/helpers/kitchen_helper.rb": [
        1,
        null
      ],
      "/Users/lucasmachado/Documents/rails/MySocialRecipe/app/helpers/kitchens_helper.rb": [
        1,
        null
      ],
      "/Users/lucasmachado/Documents/rails/MySocialRecipe/app/helpers/meals_helper.rb": [
        1,
        null
      ],
      "/Users/lucasmachado/Documents/rails/MySocialRecipe/app/helpers/recipes_helper.rb": [
        1,
        null
      ],
      "/Users/lucasmachado/Documents/rails/MySocialRecipe/app/controllers/admin_controller.rb": [
        1,
        1,
        null,
        null
      ],
      "/Users/lucasmachado/Documents/rails/MySocialRecipe/app/controllers/application_controller.rb": [
        1,
        null,
        null,
        1,
        null
      ],
      "/Users/lucasmachado/Documents/rails/MySocialRecipe/app/controllers/home_controller.rb": [
        1,
        1,
        1,
        27,
        null,
        null,
        1,
        27,
        27,
        27,
        27,
        27,
        null,
        null,
        null
      ],
      "/Users/lucasmachado/Documents/rails/MySocialRecipe/app/controllers/kinds_controller.rb": [
        1,
        1,
        null,
        1,
        2,
        null,
        null,
        1,
        2,
        2,
        1,
        null,
        1,
        null,
        null,
        null,
        1,
        1,
        null,
        null,
        1,
        null,
        1,
        2,
        null,
        null,
        1,
        1,
        null,
        null
      ],
      "/Users/lucasmachado/Documents/rails/MySocialRecipe/app/controllers/kitchens_controller.rb": [
        1,
        1,
        null,
        1,
        1,
        null,
        null,
        1,
        2,
        null,
        null,
        1,
        2,
        2,
        1,
        null,
        1,
        null,
        null,
        null,
        1,
        null,
        null,
        1,
        null,
        1,
        2,
        null,
        null,
        1,
        1,
        null,
        null
      ],
      "/Users/lucasmachado/Documents/rails/MySocialRecipe/app/controllers/meals_controller.rb": [
        1,
        1,
        null,
        1,
        2,
        null,
        null,
        1,
        2,
        2,
        1,
        null,
        1,
        null,
        null,
        null,
        1,
        1,
        null,
        null,
        1,
        null,
        1,
        2,
        null,
        null,
        1,
        1,
        null,
        null
      ],
      "/Users/lucasmachado/Documents/rails/MySocialRecipe/app/controllers/recipes_controller.rb": [
        1,
        1,
        1,
        null,
        1,
        null,
        null,
        1,
        2,
        null,
        null,
        1,
        2,
        2,
        1,
        null,
        1,
        null,
        null,
        null,
        1,
        5,
        5,
        5,
        null,
        null,
        1,
        null,
        1,
        2,
        null,
        null,
        null,
        null,
        1,
        1,
        null,
        null
      ],
      "/Users/lucasmachado/Documents/rails/MySocialRecipe/app/models/ability.rb": [
        0,
        0,
        0,
        0,
        0,
        0,
        0,
        0,
        0,
        0,
        0,
        0,
        0,
        0,
        0,
        0,
        0,
        0,
        0,
        0,
        0,
        0,
        0,
        0,
        0,
        0,
        0,
        0,
        0,
        0,
        0,
        0
      ]
    },
    "timestamp": 1455649833
  }
}
